<?xml version="1.0" encoding="utf-8"?><testsuites name="pytest tests"><testsuite name="pytest" errors="0" failures="0" skipped="0" tests="13" time="3.334" timestamp="2026-04-07T16:57:04.702105+00:00" hostname="agent-env-879ea2e2-17a7-4f25-8874-d8cadee46e5b"><testcase classname="backend.tests.test_proxy.TestHealth" name="test_health_returns_ok" time="0.286" /><testcase classname="backend.tests.test_proxy.TestAuth" name="test_no_auth_returns_401" time="0.131" /><testcase classname="backend.tests.test_proxy.TestAuth" name="test_wrong_token_returns_403" time="0.131" /><testcase classname="backend.tests.test_proxy.TestAuth" name="test_correct_token_returns_200" time="0.313" /><testcase classname="backend.tests.test_proxy.TestProxyForwarding" name="test_get_proxy" time="0.283" /><testcase classname="backend.tests.test_proxy.TestProxyForwarding" name="test_post_with_json_body" time="0.252" /><testcase classname="backend.tests.test_proxy.TestProxyForwarding" name="test_authorization_header_forwarded_to_target" time="0.272" /><testcase classname="backend.tests.test_proxy.TestProxyForwarding" name="test_custom_header_forwarded" time="0.248" /><testcase classname="backend.tests.test_proxy.TestProxyForwarding" name="test_query_params_forwarded" time="0.240" /><testcase classname="backend.tests.test_proxy.TestProxyForwarding" name="test_put_method" time="0.299" /><testcase classname="backend.tests.test_proxy.TestProxyForwarding" name="test_delete_method" time="0.493" /><testcase classname="backend.tests.test_proxy.TestEdgeCases" name="test_invalid_url_returns_400" time="0.110" /><testcase classname="backend.tests.test_proxy.TestEdgeCases" name="test_cors_headers_present" time="0.076" /></testsuite></testsuites>